[0.000000] (-) TimerEvent: {}
[0.000108] (mapr_6_student) JobQueued: {'identifier': 'mapr_6_student', 'dependencies': OrderedDict()}
[0.000137] (mapr_6_student) JobStarted: {'identifier': 'mapr_6_student'}
[0.099228] (-) TimerEvent: {}
[0.199485] (-) TimerEvent: {}
[0.299731] (-) TimerEvent: {}
[0.399975] (-) TimerEvent: {}
[0.500192] (-) TimerEvent: {}
[0.501075] (mapr_6_student) StderrLine: {'line': b'Traceback (most recent call last):\n  File "/usr/lib/python3/dist-packages/colcon_parallel_executor/executor/parallel.py", line 67, in execute\n    loop.run_until_complete(future)\n  File "/usr/lib/python3.10/asyncio/base_events.py", line 633, in run_until_complete\n    self.run_forever()\n  File "/usr/lib/python3.10/asyncio/base_events.py", line 600, in run_forever\n    self._run_once()\n  File "/usr/lib/python3.10/asyncio/base_events.py", line 1860, in _run_once\n    event_list = self._selector.select(timeout)\n  File "/usr/lib/python3.10/selectors.py", line 469, in select\n    fd_event_list = self._selector.poll(timeout, max_ev)\nKeyboardInterrupt\n\nDuring handling of the above exception, another exception occurred:\n\nTraceback (most recent call last):\n  File "/usr/lib/python3/dist-packages/colcon_core/executor/__init__.py", line 91, in __call__\n    rc = await self.task(*args, **kwargs)\n  File "/usr/lib/python3/dist-packages/colcon_core/task/__init__.py", line 93, in __call__\n    return await task_method(*args, **kwargs)\n  File "/usr/lib/python3/dist-packages/colcon_ros/task/ament_python/build.py", line 105, in build\n    return await extension.build(additional_hooks=additional_hooks)\n  File "/usr/lib/python3/dist-packages/colcon_core/task/python/build.py", line 81, in build\n    available_commands = await self._get_available_commands(\n  File "/usr/lib/python3/dist-packages/colcon_core/task/python/build.py", line 171, in _get_available_commands\n    output = await check_output(\n  File "/usr/lib/python3/dist-packages/colcon_core/subprocess.py", line 128, in check_output\n    assert not rc, f\'Expected {args} to pass: {stderr_data}\'\nAssertionError: Expected [\'/usr/bin/python3\', \'setup.py\', \'--help-commands\'] to pass: Traceback (most recent call last):\n  File "/home/krawus/Studies/MAPR/lab6-RRT/src/mapr_6_student/setup.py", line 7, in <module>\n    setup(\n  File "/home/krawus/.local/lib/python3.10/site-packages/setuptools/__init__.py", line 108, in setup\n    return distutils.core.setup(**attrs)\n  File "/home/krawus/.local/lib/python3.10/site-packages/setuptools/_distutils/core.py", line 172, in setup\n    ok = dist.parse_command_line()\n  File "/home/krawus/.local/lib/python3.10/site-packages/setuptools/_distutils/dist.py", line 472, in parse_command_line\n    if self.handle_display_options(option_order):\n  File "/home/krawus/.local/lib/python3.10/site-packages/setuptools/dist.py", line 1197, in handle_display_options\n    return _Distribution.handle_display_options(self, option_order)\n  File "/home/krawus/.local/lib/python3.10/site-packages/setuptools/_distutils/dist.py", line 686, in handle_display_options\n    self.print_commands()\n  File "/home/krawus/.local/lib/python3.10/site-packages/setuptools/dist.py", line 974, in print_commands\n    cmdclass = ep.load()\n  File "/usr/lib/python3.10/importlib/metadata/__init__.py", line 171, in load\n    module = import_module(match.group(\'module\'))\n  File "/usr/lib/python3.10/importlib/__init__.py", line 126, in import_module\n    return _bootstrap._gcd_import(name[level:], package, level)\n  File "<frozen importlib._bootstrap>", line 1050, in _gcd_import\n  File "<frozen importlib._bootstrap>", line 1027, in _find_and_load\n  File "<frozen importlib._bootstrap>", line 1006, in _find_and_load_unlocked\n  File "<frozen importlib._bootstrap>", line 688, in _load_unlocked\n  File "<frozen importlib._bootstrap_external>", line 883, in exec_module\n  File "<frozen importlib._bootstrap>", line 241, in _call_with_frames_removed\n  File "/home/krawus/.local/lib/python3.10/site-packages/setuptools/command/develop.py", line 8, in <module>\n    from setuptools.command.easy_install import easy_install\n  File "/home/krawus/.local/lib/python3.10/site-packages/setuptools/command/easy_install.py", line 53, in <module>\n    from setuptools.package_index import (\n  File "/home/krawus/.local/lib/python3.10/site-packages/setuptools/package_index.py", line 17, in <module>\n    import urllib.request\n  File "<frozen importlib._bootstrap>", line 1027, in _find_and_load\n  File "<frozen importlib._bootstrap>", line 1006, in _find_and_load_unlocked\n  File "<frozen importlib._bootstrap>", line 688, in _load_unlocked\n  File "<frozen importlib._bootstrap_external>", line 879, in exec_module\n  File "<frozen importlib._bootstrap_external>", line 1012, in get_code\n  File "<frozen importlib._bootstrap_external>", line 672, in _compile_bytecode\nKeyboardInterrupt\n\n'}
[0.501466] (mapr_6_student) JobEnded: {'identifier': 'mapr_6_student', 'rc': 'SIGINT'}
[0.511514] (-) EventReactorShutdown: {}
