[0.000000] (-) TimerEvent: {}
[0.000112] (example_maps) JobQueued: {'identifier': 'example_maps', 'dependencies': OrderedDict()}
[0.000914] (map_manipulation) JobQueued: {'identifier': 'map_manipulation', 'dependencies': OrderedDict()}
[0.000942] (example_maps) JobStarted: {'identifier': 'example_maps'}
[0.008322] (map_manipulation) JobStarted: {'identifier': 'map_manipulation'}
[0.019571] (example_maps) JobProgress: {'identifier': 'example_maps', 'progress': 'cmake'}
[0.020136] (example_maps) JobProgress: {'identifier': 'example_maps', 'progress': 'build'}
[0.020871] (example_maps) Command: {'cmd': ['/usr/bin/cmake', '--build', '/home/krawus/Studies/MAPR/lab2/ros2_ws/build/example_maps', '--', '-j8', '-l8'], 'cwd': '/home/krawus/Studies/MAPR/lab2/ros2_ws/build/example_maps', 'env': OrderedDict([('LESSOPEN', '| /usr/bin/lesspipe %s'), ('USER', 'krawus'), ('XDG_SESSION_TYPE', 'x11'), ('SHLVL', '1'), ('LD_LIBRARY_PATH', '/opt/ros/humble/opt/rviz_ogre_vendor/lib:/opt/ros/humble/lib/x86_64-linux-gnu:/opt/ros/humble/lib'), ('HOME', '/home/krawus'), ('DESKTOP_SESSION', 'pop'), ('ROS_PYTHON_VERSION', '3'), ('GNOME_SHELL_SESSION_MODE', 'pop'), ('GTK_MODULES', 'gail:atk-bridge'), ('SYSTEMD_EXEC_PID', '7922'), ('DBUS_SESSION_BUS_ADDRESS', 'unix:path=/run/user/1000/bus'), ('COLORTERM', 'truecolor'), ('COLCON_PREFIX_PATH', '/home/krawus/Studies/MAPR/lab2/ros2_ws/install'), ('ROS_DISTRO', 'humble'), ('GTK_IM_MODULE', 'ibus'), ('LOGNAME', 'krawus'), ('_', '/usr/bin/colcon'), ('ROS_VERSION', '2'), ('XDG_SESSION_CLASS', 'user'), ('USERNAME', 'krawus'), ('TERM', 'xterm-256color'), ('GNOME_DESKTOP_SESSION_ID', 'this-is-deprecated'), ('ROS_LOCALHOST_ONLY', '1'), ('WINDOWPATH', '2'), ('PATH', '/opt/ros/humble/bin:/home/krawus/.local/bin:/usr/local/sbin:/usr/local/bin:/usr/sbin:/usr/bin:/sbin:/bin:/usr/games:/usr/local/games:/snap/bin:/snap/bin'), ('SESSION_MANAGER', 'local/pop-os:@/tmp/.ICE-unix/3124,unix/pop-os:/tmp/.ICE-unix/3124'), ('XDG_MENU_PREFIX', 'gnome-'), ('GNOME_TERMINAL_SCREEN', '/org/gnome/Terminal/screen/eaa41ef6_e7ce_4cba_a05d_33d2ed2792b8'), ('XDG_RUNTIME_DIR', '/run/user/1000'), ('DISPLAY', ':1'), ('LANG', 'en_US.UTF-8'), ('XDG_CURRENT_DESKTOP', 'pop:GNOME'), ('XMODIFIERS', '@im=ibus'), ('XDG_SESSION_DESKTOP', 'pop'), ('XAUTHORITY', '/run/user/1000/gdm/Xauthority'), ('LS_COLORS', 'rs=0:di=01;34:ln=01;36:mh=00:pi=40;33:so=01;35:do=01;35:bd=40;33;01:cd=40;33;01:or=40;31;01:mi=00:su=37;41:sg=30;43:ca=30;41:tw=30;42:ow=34;42:st=37;44:ex=01;32:*.tar=01;31:*.tgz=01;31:*.arc=01;31:*.arj=01;31:*.taz=01;31:*.lha=01;31:*.lz4=01;31:*.lzh=01;31:*.lzma=01;31:*.tlz=01;31:*.txz=01;31:*.tzo=01;31:*.t7z=01;31:*.zip=01;31:*.z=01;31:*.dz=01;31:*.gz=01;31:*.lrz=01;31:*.lz=01;31:*.lzo=01;31:*.xz=01;31:*.zst=01;31:*.tzst=01;31:*.bz2=01;31:*.bz=01;31:*.tbz=01;31:*.tbz2=01;31:*.tz=01;31:*.deb=01;31:*.rpm=01;31:*.jar=01;31:*.war=01;31:*.ear=01;31:*.sar=01;31:*.rar=01;31:*.alz=01;31:*.ace=01;31:*.zoo=01;31:*.cpio=01;31:*.7z=01;31:*.rz=01;31:*.cab=01;31:*.wim=01;31:*.swm=01;31:*.dwm=01;31:*.esd=01;31:*.jpg=01;35:*.jpeg=01;35:*.mjpg=01;35:*.mjpeg=01;35:*.gif=01;35:*.bmp=01;35:*.pbm=01;35:*.pgm=01;35:*.ppm=01;35:*.tga=01;35:*.xbm=01;35:*.xpm=01;35:*.tif=01;35:*.tiff=01;35:*.png=01;35:*.svg=01;35:*.svgz=01;35:*.mng=01;35:*.pcx=01;35:*.mov=01;35:*.mpg=01;35:*.mpeg=01;35:*.m2v=01;35:*.mkv=01;35:*.webm=01;35:*.webp=01;35:*.ogm=01;35:*.mp4=01;35:*.m4v=01;35:*.mp4v=01;35:*.vob=01;35:*.qt=01;35:*.nuv=01;35:*.wmv=01;35:*.asf=01;35:*.rm=01;35:*.rmvb=01;35:*.flc=01;35:*.avi=01;35:*.fli=01;35:*.flv=01;35:*.gl=01;35:*.dl=01;35:*.xcf=01;35:*.xwd=01;35:*.yuv=01;35:*.cgm=01;35:*.emf=01;35:*.ogv=01;35:*.ogx=01;35:*.aac=00;36:*.au=00;36:*.flac=00;36:*.m4a=00;36:*.mid=00;36:*.midi=00;36:*.mka=00;36:*.mp3=00;36:*.mpc=00;36:*.ogg=00;36:*.ra=00;36:*.wav=00;36:*.oga=00;36:*.opus=00;36:*.spx=00;36:*.xspf=00;36:'), ('GNOME_TERMINAL_SERVICE', ':1.185'), ('SSH_AGENT_LAUNCHER', 'gnome-keyring'), ('SSH_AUTH_SOCK', '/run/user/1000/keyring/ssh'), ('ROS_DOMAIN_ID', '1'), ('AMENT_PREFIX_PATH', '/home/krawus/Studies/MAPR/lab2/ros2_ws/install/map_manipulation:/home/krawus/Studies/MAPR/lab2/ros2_ws/install/example_maps:/opt/ros/humble'), ('SHELL', '/bin/bash'), ('QT_ACCESSIBILITY', '1'), ('GDMSESSION', 'pop'), ('LESSCLOSE', '/usr/bin/lesspipe %s %s'), ('GPG_AGENT_INFO', '/run/user/1000/gnupg/S.gpg-agent:0:1'), ('QT_IM_MODULE', 'ibus'), ('PWD', '/home/krawus/Studies/MAPR/lab2/ros2_ws/build/example_maps'), ('LC_ALL', 'en_US.UTF-8'), ('XDG_CONFIG_DIRS', '/etc/xdg/xdg-pop:/etc/xdg'), ('XDG_DATA_DIRS', '/usr/share/pop:/usr/share/gnome:/home/krawus/.local/share/flatpak/exports/share:/var/lib/flatpak/exports/share:/usr/local/share/:/usr/share/:/var/lib/snapd/desktop'), ('PYTHONPATH', '/home/krawus/Studies/MAPR/lab2/ros2_ws/install/map_manipulation/lib/python3.10/site-packages:/opt/ros/humble/lib/python3.10/site-packages:/opt/ros/humble/local/lib/python3.10/dist-packages'), ('COLCON', '1'), ('VTE_VERSION', '6800'), ('CMAKE_PREFIX_PATH', '/home/krawus/Studies/MAPR/lab2/ros2_ws/install/example_maps:/home/krawus/Studies/MAPR/lab2/ros2_ws/install/map_manipulation:/opt/ros/humble')]), 'shell': False}
[0.099802] (-) TimerEvent: {}
[0.200083] (-) TimerEvent: {}
[0.249144] (example_maps) CommandEnded: {'returncode': 0}
[0.270505] (example_maps) JobProgress: {'identifier': 'example_maps', 'progress': 'install'}
[0.279101] (example_maps) Command: {'cmd': ['/usr/bin/cmake', '--install', '/home/krawus/Studies/MAPR/lab2/ros2_ws/build/example_maps'], 'cwd': '/home/krawus/Studies/MAPR/lab2/ros2_ws/build/example_maps', 'env': OrderedDict([('LESSOPEN', '| /usr/bin/lesspipe %s'), ('USER', 'krawus'), ('XDG_SESSION_TYPE', 'x11'), ('SHLVL', '1'), ('LD_LIBRARY_PATH', '/opt/ros/humble/opt/rviz_ogre_vendor/lib:/opt/ros/humble/lib/x86_64-linux-gnu:/opt/ros/humble/lib'), ('HOME', '/home/krawus'), ('DESKTOP_SESSION', 'pop'), ('ROS_PYTHON_VERSION', '3'), ('GNOME_SHELL_SESSION_MODE', 'pop'), ('GTK_MODULES', 'gail:atk-bridge'), ('SYSTEMD_EXEC_PID', '7922'), ('DBUS_SESSION_BUS_ADDRESS', 'unix:path=/run/user/1000/bus'), ('COLORTERM', 'truecolor'), ('COLCON_PREFIX_PATH', '/home/krawus/Studies/MAPR/lab2/ros2_ws/install'), ('ROS_DISTRO', 'humble'), ('GTK_IM_MODULE', 'ibus'), ('LOGNAME', 'krawus'), ('_', '/usr/bin/colcon'), ('ROS_VERSION', '2'), ('XDG_SESSION_CLASS', 'user'), ('USERNAME', 'krawus'), ('TERM', 'xterm-256color'), ('GNOME_DESKTOP_SESSION_ID', 'this-is-deprecated'), ('ROS_LOCALHOST_ONLY', '1'), ('WINDOWPATH', '2'), ('PATH', '/opt/ros/humble/bin:/home/krawus/.local/bin:/usr/local/sbin:/usr/local/bin:/usr/sbin:/usr/bin:/sbin:/bin:/usr/games:/usr/local/games:/snap/bin:/snap/bin'), ('SESSION_MANAGER', 'local/pop-os:@/tmp/.ICE-unix/3124,unix/pop-os:/tmp/.ICE-unix/3124'), ('XDG_MENU_PREFIX', 'gnome-'), ('GNOME_TERMINAL_SCREEN', '/org/gnome/Terminal/screen/eaa41ef6_e7ce_4cba_a05d_33d2ed2792b8'), ('XDG_RUNTIME_DIR', '/run/user/1000'), ('DISPLAY', ':1'), ('LANG', 'en_US.UTF-8'), ('XDG_CURRENT_DESKTOP', 'pop:GNOME'), ('XMODIFIERS', '@im=ibus'), ('XDG_SESSION_DESKTOP', 'pop'), ('XAUTHORITY', '/run/user/1000/gdm/Xauthority'), ('LS_COLORS', 'rs=0:di=01;34:ln=01;36:mh=00:pi=40;33:so=01;35:do=01;35:bd=40;33;01:cd=40;33;01:or=40;31;01:mi=00:su=37;41:sg=30;43:ca=30;41:tw=30;42:ow=34;42:st=37;44:ex=01;32:*.tar=01;31:*.tgz=01;31:*.arc=01;31:*.arj=01;31:*.taz=01;31:*.lha=01;31:*.lz4=01;31:*.lzh=01;31:*.lzma=01;31:*.tlz=01;31:*.txz=01;31:*.tzo=01;31:*.t7z=01;31:*.zip=01;31:*.z=01;31:*.dz=01;31:*.gz=01;31:*.lrz=01;31:*.lz=01;31:*.lzo=01;31:*.xz=01;31:*.zst=01;31:*.tzst=01;31:*.bz2=01;31:*.bz=01;31:*.tbz=01;31:*.tbz2=01;31:*.tz=01;31:*.deb=01;31:*.rpm=01;31:*.jar=01;31:*.war=01;31:*.ear=01;31:*.sar=01;31:*.rar=01;31:*.alz=01;31:*.ace=01;31:*.zoo=01;31:*.cpio=01;31:*.7z=01;31:*.rz=01;31:*.cab=01;31:*.wim=01;31:*.swm=01;31:*.dwm=01;31:*.esd=01;31:*.jpg=01;35:*.jpeg=01;35:*.mjpg=01;35:*.mjpeg=01;35:*.gif=01;35:*.bmp=01;35:*.pbm=01;35:*.pgm=01;35:*.ppm=01;35:*.tga=01;35:*.xbm=01;35:*.xpm=01;35:*.tif=01;35:*.tiff=01;35:*.png=01;35:*.svg=01;35:*.svgz=01;35:*.mng=01;35:*.pcx=01;35:*.mov=01;35:*.mpg=01;35:*.mpeg=01;35:*.m2v=01;35:*.mkv=01;35:*.webm=01;35:*.webp=01;35:*.ogm=01;35:*.mp4=01;35:*.m4v=01;35:*.mp4v=01;35:*.vob=01;35:*.qt=01;35:*.nuv=01;35:*.wmv=01;35:*.asf=01;35:*.rm=01;35:*.rmvb=01;35:*.flc=01;35:*.avi=01;35:*.fli=01;35:*.flv=01;35:*.gl=01;35:*.dl=01;35:*.xcf=01;35:*.xwd=01;35:*.yuv=01;35:*.cgm=01;35:*.emf=01;35:*.ogv=01;35:*.ogx=01;35:*.aac=00;36:*.au=00;36:*.flac=00;36:*.m4a=00;36:*.mid=00;36:*.midi=00;36:*.mka=00;36:*.mp3=00;36:*.mpc=00;36:*.ogg=00;36:*.ra=00;36:*.wav=00;36:*.oga=00;36:*.opus=00;36:*.spx=00;36:*.xspf=00;36:'), ('GNOME_TERMINAL_SERVICE', ':1.185'), ('SSH_AGENT_LAUNCHER', 'gnome-keyring'), ('SSH_AUTH_SOCK', '/run/user/1000/keyring/ssh'), ('ROS_DOMAIN_ID', '1'), ('AMENT_PREFIX_PATH', '/home/krawus/Studies/MAPR/lab2/ros2_ws/install/map_manipulation:/home/krawus/Studies/MAPR/lab2/ros2_ws/install/example_maps:/opt/ros/humble'), ('SHELL', '/bin/bash'), ('QT_ACCESSIBILITY', '1'), ('GDMSESSION', 'pop'), ('LESSCLOSE', '/usr/bin/lesspipe %s %s'), ('GPG_AGENT_INFO', '/run/user/1000/gnupg/S.gpg-agent:0:1'), ('QT_IM_MODULE', 'ibus'), ('PWD', '/home/krawus/Studies/MAPR/lab2/ros2_ws/build/example_maps'), ('LC_ALL', 'en_US.UTF-8'), ('XDG_CONFIG_DIRS', '/etc/xdg/xdg-pop:/etc/xdg'), ('XDG_DATA_DIRS', '/usr/share/pop:/usr/share/gnome:/home/krawus/.local/share/flatpak/exports/share:/var/lib/flatpak/exports/share:/usr/local/share/:/usr/share/:/var/lib/snapd/desktop'), ('PYTHONPATH', '/home/krawus/Studies/MAPR/lab2/ros2_ws/install/map_manipulation/lib/python3.10/site-packages:/opt/ros/humble/lib/python3.10/site-packages:/opt/ros/humble/local/lib/python3.10/dist-packages'), ('COLCON', '1'), ('VTE_VERSION', '6800'), ('CMAKE_PREFIX_PATH', '/home/krawus/Studies/MAPR/lab2/ros2_ws/install/example_maps:/home/krawus/Studies/MAPR/lab2/ros2_ws/install/map_manipulation:/opt/ros/humble')]), 'shell': False}
[0.286800] (example_maps) StdoutLine: {'line': b'-- Install configuration: ""\n'}
[0.287211] (example_maps) StdoutLine: {'line': b'-- Execute custom install script\n'}
[0.287571] (example_maps) StdoutLine: {'line': b'-- Up-to-date symlink: /home/krawus/Studies/MAPR/lab2/ros2_ws/install/example_maps/share/example_maps/launch/turtlesim3_waffle_octomap.launch.py\n'}
[0.287871] (example_maps) StdoutLine: {'line': b'-- Up-to-date symlink: /home/krawus/Studies/MAPR/lab2/ros2_ws/install/example_maps/share/example_maps/rviz/rviz_cfg.rviz\n'}
[0.288127] (example_maps) StdoutLine: {'line': b'-- Up-to-date symlink: /home/krawus/Studies/MAPR/lab2/ros2_ws/install/example_maps/share/ament_index/resource_index/package_run_dependencies/example_maps\n'}
[0.288361] (example_maps) StdoutLine: {'line': b'-- Up-to-date symlink: /home/krawus/Studies/MAPR/lab2/ros2_ws/install/example_maps/share/ament_index/resource_index/parent_prefix_path/example_maps\n'}
[0.288563] (example_maps) StdoutLine: {'line': b'-- Up-to-date symlink: /home/krawus/Studies/MAPR/lab2/ros2_ws/install/example_maps/share/example_maps/environment/ament_prefix_path.sh\n'}
[0.288790] (example_maps) StdoutLine: {'line': b'-- Up-to-date symlink: /home/krawus/Studies/MAPR/lab2/ros2_ws/install/example_maps/share/example_maps/environment/ament_prefix_path.dsv\n'}
[0.288992] (example_maps) StdoutLine: {'line': b'-- Up-to-date symlink: /home/krawus/Studies/MAPR/lab2/ros2_ws/install/example_maps/share/example_maps/environment/path.sh\n'}
[0.289320] (example_maps) StdoutLine: {'line': b'-- Up-to-date symlink: /home/krawus/Studies/MAPR/lab2/ros2_ws/install/example_maps/share/example_maps/environment/path.dsv\n'}
[0.289496] (example_maps) StdoutLine: {'line': b'-- Up-to-date symlink: /home/krawus/Studies/MAPR/lab2/ros2_ws/install/example_maps/share/example_maps/local_setup.bash\n'}
[0.289787] (example_maps) StdoutLine: {'line': b'-- Up-to-date symlink: /home/krawus/Studies/MAPR/lab2/ros2_ws/install/example_maps/share/example_maps/local_setup.sh\n'}
[0.290006] (example_maps) StdoutLine: {'line': b'-- Up-to-date symlink: /home/krawus/Studies/MAPR/lab2/ros2_ws/install/example_maps/share/example_maps/local_setup.zsh\n'}
[0.290223] (example_maps) StdoutLine: {'line': b'-- Up-to-date symlink: /home/krawus/Studies/MAPR/lab2/ros2_ws/install/example_maps/share/example_maps/local_setup.dsv\n'}
[0.290393] (example_maps) StdoutLine: {'line': b'-- Symlinking: /home/krawus/Studies/MAPR/lab2/ros2_ws/install/example_maps/share/example_maps/package.dsv\n'}
[0.300186] (-) TimerEvent: {}
[0.301909] (example_maps) StdoutLine: {'line': b'-- Up-to-date symlink: /home/krawus/Studies/MAPR/lab2/ros2_ws/install/example_maps/share/ament_index/resource_index/packages/example_maps\n'}
[0.302118] (example_maps) StdoutLine: {'line': b'-- Up-to-date symlink: /home/krawus/Studies/MAPR/lab2/ros2_ws/install/example_maps/share/example_maps/cmake/example_mapsConfig.cmake\n'}
[0.302299] (example_maps) StdoutLine: {'line': b'-- Up-to-date symlink: /home/krawus/Studies/MAPR/lab2/ros2_ws/install/example_maps/share/example_maps/cmake/example_mapsConfig-version.cmake\n'}
[0.302484] (example_maps) StdoutLine: {'line': b'-- Up-to-date symlink: /home/krawus/Studies/MAPR/lab2/ros2_ws/install/example_maps/share/example_maps/package.xml\n'}
[0.305058] (example_maps) CommandEnded: {'returncode': 0}
[0.350166] (example_maps) JobEnded: {'identifier': 'example_maps', 'rc': 0}
[0.383402] (map_manipulation) StderrLine: {'line': b'Traceback (most recent call last):\n  File "/usr/lib/python3/dist-packages/colcon_parallel_executor/executor/parallel.py", line 67, in execute\n    loop.run_until_complete(future)\n  File "/usr/lib/python3.10/asyncio/base_events.py", line 633, in run_until_complete\n    self.run_forever()\n  File "/usr/lib/python3.10/asyncio/base_events.py", line 600, in run_forever\n    self._run_once()\n  File "/usr/lib/python3.10/asyncio/base_events.py", line 1860, in _run_once\n    event_list = self._selector.select(timeout)\n  File "/usr/lib/python3.10/selectors.py", line 469, in select\n    fd_event_list = self._selector.poll(timeout, max_ev)\nKeyboardInterrupt\n\nDuring handling of the above exception, another exception occurred:\n\nTraceback (most recent call last):\n  File "/usr/lib/python3/dist-packages/colcon_core/executor/__init__.py", line 91, in __call__\n    rc = await self.task(*args, **kwargs)\n  File "/usr/lib/python3/dist-packages/colcon_core/task/__init__.py", line 93, in __call__\n    return await task_method(*args, **kwargs)\n  File "/usr/lib/python3/dist-packages/colcon_ros/task/ament_python/build.py", line 105, in build\n    return await extension.build(additional_hooks=additional_hooks)\n  File "/usr/lib/python3/dist-packages/colcon_core/task/python/build.py", line 81, in build\n    available_commands = await self._get_available_commands(\n  File "/usr/lib/python3/dist-packages/colcon_core/task/python/build.py", line 171, in _get_available_commands\n    output = await check_output(\n  File "/usr/lib/python3/dist-packages/colcon_core/subprocess.py", line 128, in check_output\n    assert not rc, f\'Expected {args} to pass: {stderr_data}\'\nAssertionError: Expected [\'/usr/bin/python3\', \'setup.py\', \'--help-commands\'] to pass: Traceback (most recent call last):\n  File "/home/krawus/Studies/MAPR/lab2/ros2_ws/src/map_manipulation/setup.py", line 1, in <module>\n    from setuptools import setup\n  File "/usr/lib/python3/dist-packages/setuptools/__init__.py", line 16, in <module>\n    import setuptools.version\n  File "/usr/lib/python3/dist-packages/setuptools/version.py", line 1, in <module>\n    import pkg_resources\n  File "/usr/lib/python3/dist-packages/pkg_resources/__init__.py", line 3267, in <module>\n    def _initialize_master_working_set():\n  File "/usr/lib/python3/dist-packages/pkg_resources/__init__.py", line 3241, in _call_aside\n    f(*args, **kwargs)\n  File "/usr/lib/python3/dist-packages/pkg_resources/__init__.py", line 3279, in _initialize_master_working_set\n    working_set = WorkingSet._build_master()\n  File "/usr/lib/python3/dist-packages/pkg_resources/__init__.py", line 564, in _build_master\n    ws = cls()\n  File "/usr/lib/python3/dist-packages/pkg_resources/__init__.py", line 557, in __init__\n    self.add_entry(entry)\n  File "/usr/lib/python3/dist-packages/pkg_resources/__init__.py", line 613, in add_entry\n    for dist in find_distributions(entry, True):\n  File "/usr/lib/python3/dist-packages/pkg_resources/__init__.py", line 2077, in find_on_path\n    for dist in factory(fullpath):\n  File "/usr/lib/python3/dist-packages/pkg_resources/__init__.py", line 2142, in distributions_from_metadata\n    yield Distribution.from_location(\n  File "/usr/lib/python3/dist-packages/pkg_resources/__init__.py", line 2606, in from_location\n    )._reload_version()\n  File "/usr/lib/python3/dist-packages/pkg_resources/__init__.py", line 3004, in _reload_version\n    md_version = self._get_version()\n  File "/usr/lib/python3/dist-packages/pkg_resources/__init__.py", line 2785, in _get_version\n    version = _version_from_file(lines)\n  File "/usr/lib/python3/dist-packages/pkg_resources/__init__.py", line 2569, in _version_from_file\n    line = next(iter(version_lines), \'\')\n  File "/usr/lib/python3/dist-packages/pkg_resources/__init__.py", line 2780, in _get_metadata\n    for line in self.get_metadata_lines(name):\n  File "/usr/lib/python3/dist-packages/pkg_resources/__init__.py", line 1422, in get_metadata_lines\n    return yield_lines(self.get_metadata(name))\n  File "/usr/lib/python3.10/functools.py", line 889, in wrapper\n    return dispatch(args[0].__class__)(*args, **kw)\n  File "/usr/lib/python3.10/functools.py", line 832, in dispatch\n    impl = dispatch_cache[cls]\n  File "/usr/lib/python3.10/weakref.py", line 415, in __getitem__\n    def __getitem__(self, key):\nKeyboardInterrupt\n\n'}
[0.383895] (map_manipulation) JobEnded: {'identifier': 'map_manipulation', 'rc': 'SIGINT'}
[0.393812] (-) EventReactorShutdown: {}
